#
# There is insufficient memory for the Java Runtime Environment to continue.
# Native memory allocation (malloc) failed to allocate 65552 bytes for Chunk::new
# Possible reasons:
#   The system is out of physical RAM or swap space
#   The process is running with CompressedOops enabled, and the Java Heap may be blocking the growth of the native heap
# Possible solutions:
#   Reduce memory load on the system
#   Increase physical memory or swap space
#   Check if swap backing store is full
#   Decrease Java heap size (-Xmx/-Xms)
#   Decrease number of Java threads
#   Decrease Java thread stack sizes (-Xss)
#   Set larger code cache with -XX:ReservedCodeCacheSize=
#   JVM is running with Unscaled Compressed Oops mode in which the Java heap is
#     placed in the first 4GB address space. The Java Heap base address is the
#     maximum limit for the native heap growth. Please use -XX:HeapBaseMinAddress
#     to set the Java Heap base and to place the Java Heap above 4GB virtual address.
# This output file may be truncated or incomplete.
#
#  Out of Memory Error (allocation.cpp:389), pid=16136, tid=0x0000000000007d38
#
# JRE version: Java(TM) SE Runtime Environment (8.0_271-b09) (build 1.8.0_271-b09)
# Java VM: Java HotSpot(TM) 64-Bit Server VM (25.271-b09 mixed mode windows-amd64 compressed oops)
# Failed to write core dump. Minidumps are not enabled by default on client versions of Windows
#

---------------  T H R E A D  ---------------

Current thread (0x00000246143a6000):  JavaThread "C2 CompilerThread0" daemon [_thread_in_native, id=32056, stack(0x000000b020000000,0x000000b020100000)]

Stack: [0x000000b020000000,0x000000b020100000]
Native frames: (J=compiled Java code, j=interpreted, Vv=VM code, C=native code)
V  [jvm.dll+0x33f6c9]
V  [jvm.dll+0x286122]
V  [jvm.dll+0x286dcd]
V  [jvm.dll+0x27d805]
V  [jvm.dll+0xe574c]
V  [jvm.dll+0xe5f4c]
V  [jvm.dll+0xe5a9d]
V  [jvm.dll+0x4d62cf]
V  [jvm.dll+0x4ae0ee]
V  [jvm.dll+0x4add53]
V  [jvm.dll+0x4adba3]
V  [jvm.dll+0x4af321]
V  [jvm.dll+0x4aebaf]
V  [jvm.dll+0x4aebc3]
V  [jvm.dll+0x4aebc3]
V  [jvm.dll+0x4aebc3]
V  [jvm.dll+0x4aebc3]
V  [jvm.dll+0x4aebc3]
V  [jvm.dll+0x4aebc3]
V  [jvm.dll+0x4aebc3]
V  [jvm.dll+0x4aebc3]
V  [jvm.dll+0x4aeb76]
V  [jvm.dll+0x4aebc3]
V  [jvm.dll+0x4aebc3]
V  [jvm.dll+0x4aebc3]
V  [jvm.dll+0x4aebc3]
V  [jvm.dll+0x4aebc3]
V  [jvm.dll+0x4aebc3]
V  [jvm.dll+0x4aebc3]
V  [jvm.dll+0x4aebc3]
V  [jvm.dll+0x4aebc3]
V  [jvm.dll+0x4aebc3]
V  [jvm.dll+0x49e6b5]
V  [jvm.dll+0x45251f]
V  [jvm.dll+0x44feb4]
V  [jvm.dll+0x43aef7]
V  [jvm.dll+0xbc3eb]
V  [jvm.dll+0xbaa4b]
V  [jvm.dll+0x24e7c2]
V  [jvm.dll+0x2a2dcc]
C  [ucrtbase.dll+0x21bb2]
C  [KERNEL32.DLL+0x17034]
C  [ntdll.dll+0x52651]


Current CompileTask:
C2:  11385 1645       4       javax.swing.plaf.nimbus.NimbusStyle::validate (1178 bytes)


---------------  P R O C E S S  ---------------

Java Threads: ( => current thread )
  0x000002461651e000 JavaThread "Thread-3" [_thread_blocked, id=12656, stack(0x000000b020f00000,0x000000b021000000)]
  0x00000246150cf800 JavaThread "Image Fetcher 0" daemon [_thread_blocked, id=18076, stack(0x000000b020a00000,0x000000b020b00000)]
  0x00000246160ab800 JavaThread "TimerQueue" daemon [_thread_blocked, id=25384, stack(0x000000b020b00000,0x000000b020c00000)]
  0x0000024600112800 JavaThread "DestroyJavaVM" [_thread_blocked, id=32316, stack(0x000000b01f600000,0x000000b01f700000)]
  0x000002461525a800 JavaThread "AWT-EventQueue-0" [_thread_blocked, id=26120, stack(0x000000b020900000,0x000000b020a00000)]
  0x0000024615226800 JavaThread "AWT-Windows" daemon [_thread_in_native, id=33460, stack(0x000000b020700000,0x000000b020800000)]
  0x0000024615224000 JavaThread "AWT-Shutdown" [_thread_blocked, id=692, stack(0x000000b020600000,0x000000b020700000)]
  0x0000024615223000 JavaThread "Java2D Disposer" daemon [_thread_blocked, id=27748, stack(0x000000b020500000,0x000000b020600000)]
  0x0000024614429800 JavaThread "Service Thread" daemon [_thread_blocked, id=8340, stack(0x000000b020300000,0x000000b020400000)]
  0x0000024614405800 JavaThread "C1 CompilerThread2" daemon [_thread_blocked, id=25764, stack(0x000000b020200000,0x000000b020300000)]
  0x00000246143b3800 JavaThread "C2 CompilerThread1" daemon [_thread_blocked, id=30600, stack(0x000000b020100000,0x000000b020200000)]
=>0x00000246143a6000 JavaThread "C2 CompilerThread0" daemon [_thread_in_native, id=32056, stack(0x000000b020000000,0x000000b020100000)]
  0x00000246143a5000 JavaThread "Attach Listener" daemon [_thread_blocked, id=18580, stack(0x000000b01ff00000,0x000000b020000000)]
  0x00000246143a2800 JavaThread "Signal Dispatcher" daemon [_thread_blocked, id=21904, stack(0x000000b01fe00000,0x000000b01ff00000)]
  0x0000024613c55000 JavaThread "Finalizer" daemon [_thread_blocked, id=20304, stack(0x000000b01fd00000,0x000000b01fe00000)]
  0x0000024614386000 JavaThread "Reference Handler" daemon [_thread_blocked, id=8608, stack(0x000000b01fc00000,0x000000b01fd00000)]

Other Threads:
  0x0000024614362000 VMThread [stack: 0x000000b01fb00000,0x000000b01fc00000] [id=24296]
  0x000002461442c000 WatcherThread [stack: 0x000000b020400000,0x000000b020500000] [id=29196]

VM state:not at safepoint (normal execution)

VM Mutex/Monitor currently owned by a thread: None

heap address: 0x00000000c1600000, size: 1002 MB, Compressed Oops mode: 32-bit
Narrow klass base: 0x0000000000000000, Narrow klass shift: 3
Compressed class space size: 1073741824 Address: 0x0000000100000000

Heap:
 PSYoungGen      total 18944K, used 11763K [0x00000000eb200000, 0x00000000ec700000, 0x0000000100000000)
  eden space 16384K, 56% used [0x00000000eb200000,0x00000000ebafea00,0x00000000ec200000)
  from space 2560K, 99% used [0x00000000ec200000,0x00000000ec47e430,0x00000000ec480000)
  to   space 2560K, 0% used [0x00000000ec480000,0x00000000ec480000,0x00000000ec700000)
 ParOldGen       total 44032K, used 9126K [0x00000000c1600000, 0x00000000c4100000, 0x00000000eb200000)
  object space 44032K, 20% used [0x00000000c1600000,0x00000000c1ee9a40,0x00000000c4100000)
 Metaspace       used 15847K, capacity 16102K, committed 16256K, reserved 1062912K
  class space    used 2071K, capacity 2145K, committed 2176K, reserved 1048576K

Card table byte_map: [0x0000024610ec0000,0x00000246110c0000] byte_map_base: 0x00000246108b5000

Marking Bits: (ParMarkBitMap*) 0x0000000075d27fe0
 Begin Bits: [0x0000024611210000, 0x00000246121b8000)
 End Bits:   [0x00000246121b8000, 0x0000024613160000)

Polling page: 0x00000246002f0000

CodeCache: size=245760Kb used=5290Kb max_used=5315Kb free=240469Kb
 bounds [0x0000024601b00000, 0x0000024602040000, 0x0000024610b00000]
 total_blobs=2196 nmethods=1683 adapters=426
 compilation: enabled

Compilation events (10 events):
Event: 11.101 Thread 0x0000024614405800 1687       1       java.util.Locale$LocaleKey::hashCode (5 bytes)
Event: 11.101 Thread 0x0000024614405800 nmethod 1687 0x0000024602020290 code [0x00000246020203e0, 0x00000246020204f8]
Event: 11.106 Thread 0x0000024614405800 1688   !   3       sun.dc.pr.Rasterizer::appendLine (46 bytes)
Event: 11.107 Thread 0x0000024614405800 nmethod 1688 0x0000024602020950 code [0x0000024602020b00, 0x0000024602020f40]
Event: 11.107 Thread 0x0000024614405800 1690       3       java.util.HashMap::<init> (98 bytes)
Event: 11.109 Thread 0x0000024614405800 nmethod 1690 0x0000024602021110 code [0x00000246020213c0, 0x00000246020226e0]
Event: 11.142 Thread 0x0000024614405800 1691       3       java.util.Calendar::internalGet (7 bytes)
Event: 11.142 Thread 0x0000024614405800 nmethod 1691 0x0000024602023010 code [0x0000024602023160, 0x00000246020232d8]
Event: 11.143 Thread 0x0000024614405800 1692       3       java.awt.EventQueue::getNextEventPrivate (76 bytes)
Event: 11.144 Thread 0x0000024614405800 nmethod 1692 0x00000246020233d0 code [0x0000024602023560, 0x00000246020238b0]

GC Heap History (2 events):
Event: 7.474 GC heap before
{Heap before GC invocations=1 (full 0):
 PSYoungGen      total 18944K, used 16384K [0x00000000eb200000, 0x00000000ec700000, 0x0000000100000000)
  eden space 16384K, 100% used [0x00000000eb200000,0x00000000ec200000,0x00000000ec200000)
  from space 2560K, 0% used [0x00000000ec480000,0x00000000ec480000,0x00000000ec700000)
  to   space 2560K, 0% used [0x00000000ec200000,0x00000000ec200000,0x00000000ec480000)
 ParOldGen       total 44032K, used 0K [0x00000000c1600000, 0x00000000c4100000, 0x00000000eb200000)
  object space 44032K, 0% used [0x00000000c1600000,0x00000000c1600000,0x00000000c4100000)
 Metaspace       used 14959K, capacity 15190K, committed 15488K, reserved 1062912K
  class space    used 1973K, capacity 2077K, committed 2176K, reserved 1048576K
Event: 7.488 GC heap after
Heap after GC invocations=1 (full 0):
 PSYoungGen      total 18944K, used 2553K [0x00000000eb200000, 0x00000000ec700000, 0x0000000100000000)
  eden space 16384K, 0% used [0x00000000eb200000,0x00000000eb200000,0x00000000ec200000)
  from space 2560K, 99% used [0x00000000ec200000,0x00000000ec47e430,0x00000000ec480000)
  to   space 2560K, 0% used [0x00000000ec480000,0x00000000ec480000,0x00000000ec700000)
 ParOldGen       total 44032K, used 9126K [0x00000000c1600000, 0x00000000c4100000, 0x00000000eb200000)
  object space 44032K, 20% used [0x00000000c1600000,0x00000000c1ee9a40,0x00000000c4100000)
 Metaspace       used 14959K, capacity 15190K, committed 15488K, reserved 1062912K
  class space    used 1973K, capacity 2077K, committed 2176K, reserved 1048576K
}

Deoptimization events (10 events):
Event: 3.494 Thread 0x000002461525a800 Uncommon trap: reason=class_check action=maybe_recompile pc=0x0000024601c84ed4 method=java.lang.String.equals(Ljava/lang/Object;)Z @ 8
Event: 3.589 Thread 0x000002461525a800 Uncommon trap: reason=class_check action=maybe_recompile pc=0x0000024601c84ed4 method=java.lang.String.equals(Ljava/lang/Object;)Z @ 8
Event: 3.589 Thread 0x000002461525a800 Uncommon trap: reason=class_check action=maybe_recompile pc=0x0000024601c84ed4 method=java.lang.String.equals(Ljava/lang/Object;)Z @ 8
Event: 7.660 Thread 0x000002461525a800 Uncommon trap: reason=unstable_if action=reinterpret pc=0x0000024601e5ebbc method=java.lang.ref.SoftReference.get()Ljava/lang/Object; @ 17
Event: 7.672 Thread 0x000002461525a800 Uncommon trap: reason=class_check action=maybe_recompile pc=0x0000024601e5ce24 method=javax.swing.UIDefaults.getFromHashtable(Ljava/lang/Object;)Ljava/lang/Object; @ 92
Event: 7.676 Thread 0x000002461525a800 Uncommon trap: reason=class_check action=maybe_recompile pc=0x0000024601e5ce24 method=javax.swing.UIDefaults.getFromHashtable(Ljava/lang/Object;)Ljava/lang/Object; @ 92
Event: 7.679 Thread 0x000002461525a800 Uncommon trap: reason=class_check action=maybe_recompile pc=0x0000024601e5ce24 method=javax.swing.UIDefaults.getFromHashtable(Ljava/lang/Object;)Ljava/lang/Object; @ 92
Event: 7.681 Thread 0x000002461525a800 Uncommon trap: reason=class_check action=maybe_recompile pc=0x0000024601e5ce24 method=javax.swing.UIDefaults.getFromHashtable(Ljava/lang/Object;)Ljava/lang/Object; @ 92
Event: 9.044 Thread 0x000002461525a800 Uncommon trap: reason=unstable_if action=reinterpret pc=0x0000024601f535e0 method=sun.font.TrueTypeFont.getDirectoryEntry(I)Lsun/font/TrueTypeFont$DirectoryEntry; @ 7
Event: 9.255 Thread 0x000002461525a800 Uncommon trap: reason=unstable_if action=reinterpret pc=0x0000024601d4877c method=java.awt.MultipleGradientPaintContext.indexIntoGradientsArrays(F)I @ 24

Classes redefined (0 events):
No events

Internal exceptions (10 events):
Event: 0.972 Thread 0x0000024600112800 Exception <a 'java/lang/ClassNotFoundException': ToolBarSeparator> (0x00000000eb56dca0) thrown at [C:\jenkins\workspace\8-2-build-windows-amd64-cygwin\jdk8u271\605\hotspot\src\share\vm\classfile\systemDictionary.cpp, line 212]
Event: 0.973 Thread 0x0000024600112800 Exception <a 'java/lang/ClassNotFoundException': ToolTip> (0x00000000eb56e3e0) thrown at [C:\jenkins\workspace\8-2-build-windows-amd64-cygwin\jdk8u271\605\hotspot\src\share\vm\classfile\systemDictionary.cpp, line 212]
Event: 0.976 Thread 0x0000024600112800 Exception <a 'java/lang/ClassNotFoundException': Tree> (0x00000000eb56f000) thrown at [C:\jenkins\workspace\8-2-build-windows-amd64-cygwin\jdk8u271\605\hotspot\src\share\vm\classfile\systemDictionary.cpp, line 212]
Event: 0.976 Thread 0x0000024600112800 Exception <a 'java/lang/ClassNotFoundException': Tree> (0x00000000eb56f740) thrown at [C:\jenkins\workspace\8-2-build-windows-amd64-cygwin\jdk8u271\605\hotspot\src\share\vm\classfile\systemDictionary.cpp, line 212]
Event: 0.976 Thread 0x0000024600112800 Exception <a 'java/lang/ClassNotFoundException': javax/swing/JTreeCell> (0x00000000eb56fac0) thrown at [C:\jenkins\workspace\8-2-build-windows-amd64-cygwin\jdk8u271\605\hotspot\src\share\vm\classfile\systemDictionary.cpp, line 212]
Event: 0.976 Thread 0x0000024600112800 Exception <a 'java/lang/ClassNotFoundException': TreeCell> (0x00000000eb56ff48) thrown at [C:\jenkins\workspace\8-2-build-windows-amd64-cygwin\jdk8u271\605\hotspot\src\share\vm\classfile\systemDictionary.cpp, line 212]
Event: 0.978 Thread 0x0000024600112800 Exception <a 'java/lang/ClassNotFoundException': RootPane> (0x00000000eb5709a8) thrown at [C:\jenkins\workspace\8-2-build-windows-amd64-cygwin\jdk8u271\605\hotspot\src\share\vm\classfile\systemDictionary.cpp, line 212]
Event: 5.759 Thread 0x000002461525a800 Exception <a 'java/lang/NoSuchMethodError': <clinit>> (0x00000000eba97e08) thrown at [C:\jenkins\workspace\8-2-build-windows-amd64-cygwin\jdk8u271\605\hotspot\src\share\vm\prims\jni.cpp, line 1615]
Event: 7.768 Thread 0x000002461525a800 Exception <a 'java/io/FileNotFoundException'> (0x00000000eb4af988) thrown at [C:\jenkins\workspace\8-2-build-windows-amd64-cygwin\jdk8u271\605\hotspot\src\share\vm\prims\jni.cpp, line 710]
Event: 7.795 Thread 0x000002461525a800 Exception <a 'java/io/FileNotFoundException'> (0x00000000eb4d2cb0) thrown at [C:\jenkins\workspace\8-2-build-windows-amd64-cygwin\jdk8u271\605\hotspot\src\share\vm\prims\jni.cpp, line 710]

Events (10 events):
Event: 11.004 loading class java/awt/LightweightDispatcher$2
Event: 11.004 loading class java/awt/LightweightDispatcher$2 done
Event: 11.012 Executing VM operation: BulkRevokeBias
Event: 11.013 Executing VM operation: BulkRevokeBias done
Event: 11.026 Executing VM operation: RevokeBias
Event: 11.026 Executing VM operation: RevokeBias done
Event: 11.029 Executing VM operation: RevokeBias
Event: 11.029 Executing VM operation: RevokeBias done
Event: 11.090 loading class javax/swing/plaf/nimbus/ComboBoxArrowButtonPainter
Event: 11.091 loading class javax/swing/plaf/nimbus/ComboBoxArrowButtonPainter done


Dynamic libraries:
0x00007ff6c6450000 - 0x00007ff6c6497000 	C:\Program Files\Java\jdk1.8.0_271\bin\java.exe
0x00007ffcf1d30000 - 0x00007ffcf1f25000 	C:\WINDOWS\SYSTEM32\ntdll.dll
0x00007ffcbcaf0000 - 0x00007ffcbcb06000 	C:\Program Files\Avast Software\Avast\aswhook.dll
0x00007ffceffb0000 - 0x00007ffcf006e000 	C:\WINDOWS\System32\KERNEL32.DLL
0x00007ffcef540000 - 0x00007ffcef808000 	C:\WINDOWS\System32\KERNELBASE.dll
0x00007ffcf01d0000 - 0x00007ffcf027e000 	C:\WINDOWS\System32\ADVAPI32.dll
0x00007ffcf0a60000 - 0x00007ffcf0afe000 	C:\WINDOWS\System32\msvcrt.dll
0x00007ffcefea0000 - 0x00007ffceff3c000 	C:\WINDOWS\System32\sechost.dll
0x00007ffcf0bb0000 - 0x00007ffcf0cd5000 	C:\WINDOWS\System32\RPCRT4.dll
0x00007ffcf0e30000 - 0x00007ffcf0fd0000 	C:\WINDOWS\System32\USER32.dll
0x00007ffcef880000 - 0x00007ffcef8a2000 	C:\WINDOWS\System32\win32u.dll
0x00007ffcf0070000 - 0x00007ffcf009b000 	C:\WINDOWS\System32\GDI32.dll
0x00007ffcef8b0000 - 0x00007ffcef9bd000 	C:\WINDOWS\System32\gdi32full.dll
0x00007ffcefcb0000 - 0x00007ffcefd4d000 	C:\WINDOWS\System32\msvcp_win.dll
0x00007ffcef440000 - 0x00007ffcef540000 	C:\WINDOWS\System32\ucrtbase.dll
0x00007ffcd0a80000 - 0x00007ffcd0d1a000 	C:\WINDOWS\WinSxS\amd64_microsoft.windows.common-controls_6595b64144ccf1df_6.0.19041.1110_none_60b5254171f9507e\COMCTL32.dll
0x00007ffcf01a0000 - 0x00007ffcf01d0000 	C:\WINDOWS\System32\IMM32.DLL
0x00007ffce9ed0000 - 0x00007ffce9ee5000 	C:\Program Files\Java\jdk1.8.0_271\jre\bin\vcruntime140.dll
0x00007ffcb0680000 - 0x00007ffcb071b000 	C:\Program Files\Java\jdk1.8.0_271\jre\bin\msvcp140.dll
0x0000000075530000 - 0x0000000075d9f000 	C:\Program Files\Java\jdk1.8.0_271\jre\bin\server\jvm.dll
0x00007ffceff40000 - 0x00007ffceff48000 	C:\WINDOWS\System32\PSAPI.DLL
0x00007ffccf5e0000 - 0x00007ffccf607000 	C:\WINDOWS\SYSTEM32\WINMM.dll
0x00007ffcef180000 - 0x00007ffcef18a000 	C:\WINDOWS\SYSTEM32\VERSION.dll
0x00007ffcd8980000 - 0x00007ffcd8989000 	C:\WINDOWS\SYSTEM32\WSOCK32.dll
0x00007ffcf09d0000 - 0x00007ffcf0a3b000 	C:\WINDOWS\System32\WS2_32.dll
0x00007ffcedc50000 - 0x00007ffcedc62000 	C:\WINDOWS\SYSTEM32\kernel.appcore.dll
0x00007ffceae60000 - 0x00007ffceae70000 	C:\Program Files\Java\jdk1.8.0_271\jre\bin\verify.dll
0x00007ffccf130000 - 0x00007ffccf15b000 	C:\Program Files\Java\jdk1.8.0_271\jre\bin\java.dll
0x00007ffce8c30000 - 0x00007ffce8c48000 	C:\Program Files\Java\jdk1.8.0_271\jre\bin\zip.dll
0x00007ffcf0280000 - 0x00007ffcf09c4000 	C:\WINDOWS\System32\SHELL32.dll
0x00007ffced100000 - 0x00007ffced894000 	C:\WINDOWS\SYSTEM32\windows.storage.dll
0x00007ffcf17a0000 - 0x00007ffcf1af5000 	C:\WINDOWS\System32\combase.dll
0x00007ffceee20000 - 0x00007ffceee4e000 	C:\WINDOWS\SYSTEM32\Wldp.dll
0x00007ffcf0b00000 - 0x00007ffcf0bad000 	C:\WINDOWS\System32\SHCORE.dll
0x00007ffcf1260000 - 0x00007ffcf12b5000 	C:\WINDOWS\System32\shlwapi.dll
0x00007ffcef380000 - 0x00007ffcef39f000 	C:\WINDOWS\SYSTEM32\profapi.dll
0x00007ffca2dd0000 - 0x00007ffca2f64000 	C:\Program Files\Java\jdk1.8.0_271\jre\bin\awt.dll
0x00007ffcf0d60000 - 0x00007ffcf0e2d000 	C:\WINDOWS\System32\OLEAUT32.dll
0x00007ffcec840000 - 0x00007ffcec8d0000 	C:\WINDOWS\SYSTEM32\apphelp.dll
0x00007ffcec980000 - 0x00007ffceca1e000 	C:\WINDOWS\system32\uxtheme.dll
0x00007ffcefd80000 - 0x00007ffcefe96000 	C:\WINDOWS\System32\MSCTF.dll
0x00007ffcf1bc0000 - 0x00007ffcf1cea000 	C:\WINDOWS\System32\ole32.dll
0x00007ffcefc20000 - 0x00007ffcefca2000 	C:\WINDOWS\System32\bcryptPrimitives.dll
0x00007ffcecc10000 - 0x00007ffcecc3f000 	C:\WINDOWS\system32\DWMAPI.DLL
0x00007ffcb5720000 - 0x00007ffcb5769000 	C:\Program Files\Java\jdk1.8.0_271\jre\bin\fontmanager.dll
0x00007ffcb8c90000 - 0x00007ffcb8d16000 	C:\Program Files (x86)\Overwolf\0.143.0.24\OWExplorer.dll
0x00007ffcefa70000 - 0x00007ffcefbc6000 	C:\WINDOWS\System32\CRYPT32.dll
0x00007ffced970000 - 0x00007ffcedb54000 	C:\WINDOWS\SYSTEM32\dbghelp.dll
0x00007ffcdc660000 - 0x00007ffcdc68c000 	C:\WINDOWS\SYSTEM32\dbgcore.DLL
0x00007ffca1280000 - 0x00007ffca13a5000 	C:\WINDOWS\system32\opengl32.dll
0x00007ffcbc700000 - 0x00007ffcbc72c000 	C:\WINDOWS\SYSTEM32\GLU32.dll
0x00007ffcd3e70000 - 0x00007ffcd3e8c000 	C:\Program Files\Java\jdk1.8.0_271\jre\bin\net.dll
0x00007ffceeb80000 - 0x00007ffceebea000 	C:\WINDOWS\system32\mswsock.dll
0x00007ffcd3e50000 - 0x00007ffcd3e63000 	C:\Program Files\Java\jdk1.8.0_271\jre\bin\nio.dll
0x00007ffcb3ee0000 - 0x00007ffcb3f23000 	C:\Program Files\Java\jdk1.8.0_271\jre\bin\t2k.dll
0x00007ffcf1b00000 - 0x00007ffcf1ba9000 	C:\WINDOWS\System32\clbcatq.dll
0x00007ffce9520000 - 0x00007ffce96d4000 	C:\WINDOWS\SYSTEM32\WindowsCodecs.dll
0x00007ffcefd50000 - 0x00007ffcefd77000 	C:\WINDOWS\System32\bcrypt.dll
0x00007ffcbc4e0000 - 0x00007ffcbc51e000 	C:\WINDOWS\system32\dataexchange.dll
0x00007ffceb500000 - 0x00007ffceb764000 	C:\WINDOWS\system32\d3d11.dll
0x00007ffcebd30000 - 0x00007ffcebf15000 	C:\WINDOWS\system32\dcomp.dll
0x00007ffcedcc0000 - 0x00007ffceddb4000 	C:\WINDOWS\system32\dxgi.dll
0x00007ffce9250000 - 0x00007ffce9451000 	C:\WINDOWS\system32\twinapi.appcore.dll
0x00007ffcd3d00000 - 0x00007ffcd3df9000 	C:\WINDOWS\SYSTEM32\textinputframework.dll
0x00007ffcebf20000 - 0x00007ffcec27e000 	C:\WINDOWS\System32\CoreUIComponents.dll
0x00007ffcec600000 - 0x00007ffcec6f2000 	C:\WINDOWS\System32\CoreMessaging.dll
0x00007ffceaf40000 - 0x00007ffceb094000 	C:\WINDOWS\SYSTEM32\wintypes.dll
0x00007ffcee0c0000 - 0x00007ffcee0f3000 	C:\WINDOWS\SYSTEM32\ntmarta.dll
0x00007ffce9f20000 - 0x00007ffce9f4a000 	C:\Program Files\Java\jdk1.8.0_271\jre\bin\dcpr.dll
0x00007ffcee870000 - 0x00007ffcee93b000 	C:\WINDOWS\SYSTEM32\DNSAPI.dll
0x00007ffcee820000 - 0x00007ffcee85b000 	C:\WINDOWS\SYSTEM32\IPHLPAPI.DLL
0x00007ffcf1bb0000 - 0x00007ffcf1bb8000 	C:\WINDOWS\System32\NSI.dll
0x00007ffcd94a0000 - 0x00007ffcd94aa000 	C:\Windows\System32\rasadhlp.dll
0x00007ffcdafc0000 - 0x00007ffcdb03f000 	C:\WINDOWS\System32\fwpuclnt.dll
0x00007ffcb8480000 - 0x00007ffcb84b2000 	C:\Program Files\Java\jdk1.8.0_271\jre\bin\jpeg.dll

VM Arguments:
jvm_args: -Dfile.encoding=UTF-8 -Djava.security.policy=applet.policy 
java_command: View.LoginForm
java_class_path (initial): C:\Users\grozd\Documents\NetBeansProjects\MGCaffe\lib\JDBC_MySql\mysql-connector-java-8.0.27.jar;C:\Users\grozd\Documents\NetBeansProjects\MGCaffe\build\classes
Launcher Type: SUN_STANDARD

Environment Variables:
PATH=C:\Program Files (x86)\Common Files\Oracle\Java\javapath;C:\WINDOWS\system32;C:\WINDOWS;C:\WINDOWS\System32\Wbem;C:\WINDOWS\System32\WindowsPowerShell\v1.0\;C:\WINDOWS\System32\OpenSSH\;C:\Program Files\dotnet\;C:\Program Files\Microsoft SQL Server\Client SDK\ODBC\170\Tools\Binn\;C:\Program Files (x86)\Microsoft SQL Server\150\Tools\Binn\;C:\Program Files\Microsoft SQL Server\150\Tools\Binn\;C:\Program Files\Microsoft SQL Server\150\DTS\Binn\;C:\Program Files (x86)\Microsoft SQL Server\150\DTS\Binn\;C:\Program Files\Microsoft SQL Server\130\Tools\Binn\;C:\Program Files\Java\jdk-15.0.1\bin;C:\Program Files\Java\jdk-13.0.2\bin;C:\Program Files (x86)\dotnet\;C:\Users\grozd\AppData\Local\Microsoft\WindowsApps;C:\Users\grozd\.dotnet\tools
USERNAME=grozd
OS=Windows_NT
PROCESSOR_IDENTIFIER=Intel64 Family 6 Model 142 Stepping 10, GenuineIntel



---------------  S Y S T E M  ---------------

OS: Windows 10.0 , 64 bit Build 19041 (10.0.19041.1503)

CPU:total 4 (initial active 4) (2 cores per cpu, 2 threads per core) family 6 model 142 stepping 10, cmov, cx8, fxsr, mmx, sse, sse2, sse3, ssse3, sse4.1, sse4.2, popcnt, aes, clmul, erms, 3dnowpref, lzcnt, ht, tsc, tscinvbit

Memory: 4k page, physical 4103184k(35508k free), swap 16686096k(912k free)

vm_info: Java HotSpot(TM) 64-Bit Server VM (25.271-b09) for windows-amd64 JRE (1.8.0_271-b09), built on Sep 16 2020 19:14:59 by "" with MS VC++ 15.9 (VS2017)

time: Mon Mar 21 02:46:47 2022
timezone: Central Europe Standard Time
elapsed time: 11.407225 seconds (0d 0h 0m 11s)

